<?xml version="1.0" encoding="UTF-8"?>
<!-- Generated by org.testng.reporters.JUnitXMLReporter -->
<testsuite ignored="0" hostname="LP-5CD212M0Y5" failures="0" tests="6" name="ScrapperTests1" time="29.994" errors="0" timestamp="2025-07-24T13:12:47 IST">
  <testcase classname="OG_image.ScrappersTwitter" name="twitterLanding" time="10.688"/>
  <testcase classname="OG_image.ScrappersTwitter" name="twitterInspectPost" time="4.497"/>
  <testcase classname="OG_image.ScrappersTwitter" name="twitterInspectPost" time="2.086"/>
  <testcase classname="OG_image.ScrappersTwitter" name="twitterInspectPost" time="4.603"/>
  <testcase classname="OG_image.ScrappersTwitter" name="twitterInspectPost" time="2.189"/>
  <testcase classname="OG_image.ScrappersTwitter" name="logLastLine" time="0.003"/>
</testsuite> <!-- ScrapperTests1 -->
