<?xml version="1.0" encoding="UTF-8"?>
<!-- Generated by org.testng.reporters.JUnitXMLReporter -->
<testsuite ignored="0" hostname="LP-5CD212M0Y5" failures="0" tests="7" name="ScrapperTests2" time="33.731" errors="0" timestamp="2025-07-22T11:58:23 IST">
  <testcase classname="OG_image.ScrappersLinkedIn" name="LikedInLanding" time="18.542"/>
  <testcase classname="OG_image.EmailConfig" name="sendEmail" time="3.389"/>
  <testcase classname="OG_image.ScrappersLinkedIn" name="LinkedInPostInception" time="1.787"/>
  <testcase classname="OG_image.ScrappersLinkedIn" name="LinkedInPostInception" time="1.62"/>
  <testcase classname="OG_image.ScrappersLinkedIn" name="LinkedInPostInception" time="1.697"/>
  <testcase classname="OG_image.ScrappersLinkedIn" name="LinkedInPostInception" time="1.693"/>
  <testcase classname="OG_image.ScrappersLinkedIn" name="logLastLine" time="0.008"/>
</testsuite> <!-- ScrapperTests2 -->
