<?xml version="1.0" encoding="UTF-8"?>
<!-- Generated by org.testng.reporters.JUnitXMLReporter -->
<testsuite ignored="0" hostname="LP-5CD212M0Y5" failures="0" tests="6" name="ScrapperTests2" time="18.362" errors="0" timestamp="2025-07-24T12:45:56 IST">
  <testcase classname="OG_image.ScrappersLinkedIn" name="LikedInLanding" time="10.196"/>
  <testcase classname="OG_image.ScrappersLinkedIn" name="LinkedInPostInception" time="1.278"/>
  <testcase classname="OG_image.ScrappersLinkedIn" name="LinkedInPostInception" time="1.559"/>
  <testcase classname="OG_image.ScrappersLinkedIn" name="LinkedInPostInception" time="1.694"/>
  <testcase classname="OG_image.ScrappersLinkedIn" name="LinkedInPostInception" time="1.195"/>
  <testcase classname="OG_image.ScrappersLinkedIn" name="logLastLine" time="0.002"/>
</testsuite> <!-- ScrapperTests2 -->
