<?xml version="1.0" encoding="UTF-8"?>
<!-- Generated by org.testng.reporters.JUnitXMLReporter -->
<testsuite ignored="0" hostname="LP-5CD212M0Y5" failures="0" tests="7" name="ScrapperTests1" time="49.368" errors="0" timestamp="2025-07-22T12:04:53 IST">
  <testcase classname="OG_image.ScrappersTwitter" name="twitterLanding" time="18.848"/>
  <testcase classname="OG_image.EmailConfig" name="sendEmail" time="7.397"/>
  <testcase classname="OG_image.ScrappersTwitter" name="twitterInspectPost" time="3.508"/>
  <testcase classname="OG_image.ScrappersTwitter" name="twitterInspectPost" time="3.101"/>
  <testcase classname="OG_image.ScrappersTwitter" name="twitterInspectPost" time="2.571"/>
  <testcase classname="OG_image.ScrappersTwitter" name="twitterInspectPost" time="2.682"/>
  <testcase classname="OG_image.ScrappersTwitter" name="logLastLine" time="0.008"/>
</testsuite> <!-- ScrapperTests1 -->
