<?xml version="1.0" encoding="UTF-8"?>
<testsuite xmlns:xsi="http://www.w3.org/2001/XMLSchema-instance" xsi:noNamespaceSchemaLocation="https://maven.apache.org/surefire/maven-surefire-plugin/xsd/surefire-test-report-3.0.xsd" version="3.0" name="TestSuite" time="129.527" tests="21" errors="0" skipped="0" failures="0">
  <properties>
[...]
</properties>
  <testcase name="twitterLanding" classname="OG_image.ScrappersTwitter" time="22.022">
    <system-out><![CDATA[Before suite/
2025-08-03 12:59:36 [TestNG-tests-2] INFO  Log - Browser session satrted...
2025-08-03 12:59:36 [TestNG-tests-1] INFO  Log - Browser session satrted...
2025-08-03 12:59:49 [TestNG-tests-1] INFO  Log - Navigating to facebook post incepator page...
2025-08-03 12:59:55 [TestNG-tests-2] INFO  Log - Navigating to Twitter post incepator page...
2025-08-03 12:59:58 [TestNG-tests-2] INFO  Log - Loging in...
2025-08-03 12:59:58 [TestNG-tests-2] INFO  Log - Validating each URL and taking screen shots...
]]></system-out>
    <system-err><![CDATA[SLF4J: Failed to load class "org.slf4j.impl.StaticLoggerBinder".
SLF4J: Defaulting to no-operation (NOP) logger implementation
SLF4J: See http://www.slf4j.org/codes.html#StaticLoggerBinder for further details.
Aug 03, 2025 12:59:28 PM org.openqa.selenium.manager.SeleniumManager lambda$runCommand$1
WARNING: There was an error managing msedgedriver (error sending request for url (https://msedgedriver.azureedge.net/LATEST_RELEASE_138_WINDOWS)); using driver found in the cache
Aug 03, 2025 12:59:28 PM org.openqa.selenium.manager.SeleniumManager lambda$runCommand$1
WARNING: There was an error managing msedgedriver (error sending request for url (https://msedgedriver.azureedge.net/LATEST_RELEASE_138_WINDOWS)); using driver found in the cache
Aug 03, 2025 12:59:33 PM org.openqa.selenium.devtools.CdpVersionFinder findNearestMatch
WARNING: Unable to find an exact match for CDP version 138, returning the closest version; found: 136; Please update to a Selenium version that supports CDP version 138
Aug 03, 2025 12:59:33 PM org.openqa.selenium.devtools.CdpVersionFinder findNearestMatch
WARNING: Unable to find an exact match for CDP version 138, returning the closest version; found: 136; Please update to a Selenium version that supports CDP version 138
2025-08-03T07:29:36.448881Z TestNG-tests-1 INFO Starting configuration XmlConfiguration[location=C:\Users\v-rkammili\OneDrive - Microsoft\Automation_Projects\Scrapper_autoamtion\Scrapper_autoamtion\target\test-classes\Log4j2.xml, lastModified=2025-07-07T06:29:38.381Z]...
2025-08-03T07:29:36.458878400Z TestNG-tests-1 INFO Configuration XmlConfiguration[location=C:\Users\v-rkammili\OneDrive - Microsoft\Automation_Projects\Scrapper_autoamtion\Scrapper_autoamtion\target\test-classes\Log4j2.xml, lastModified=2025-07-07T06:29:38.381Z] started.
2025-08-03T07:29:36.478119600Z TestNG-tests-1 INFO Stopping configuration org.apache.logging.log4j.core.config.DefaultConfiguration@6c165ad5...
2025-08-03T07:29:36.480127200Z TestNG-tests-1 INFO Configuration org.apache.logging.log4j.core.config.DefaultConfiguration@6c165ad5 stopped.
]]></system-err>
  </testcase>
  <testcase name="twitterInspectPost[https://www.microsoft.com/en-us/surface](1)" classname="OG_image.ScrappersTwitter" time="3.369">
    <system-out><![CDATA[Screen shot taken successfully..
]]></system-out>
  </testcase>
  <testcase name="twitterInspectPost[https://www.microsoft.com/en-us/store/b/surface-pro-keyboards](2)" classname="OG_image.ScrappersTwitter" time="2.224">
    <system-out><![CDATA[Screen shot taken successfully..
]]></system-out>
  </testcase>
  <testcase name="twitterInspectPost[https://www.microsoft.com/en-us/surface/devices/surface-laptop](3)" classname="OG_image.ScrappersTwitter" time="3.068">
    <system-out><![CDATA[Screen shot taken successfully..
]]></system-out>
  </testcase>
  <testcase name="twitterInspectPost[https://www.microsoft.com/en-us/store/collections/surfacelaptopaccessories?headerid=department-surface](4)" classname="OG_image.ScrappersTwitter" time="2.991">
    <system-out><![CDATA[Screen shot taken successfully..
]]></system-out>
  </testcase>
  <testcase name="twitterInspectPost[https://www.microsoft.com/en-us/d/surface-studio-2-plus/8vlfqc3597k4](5)" classname="OG_image.ScrappersTwitter" time="3.851">
    <system-out><![CDATA[Screen shot taken successfully..
]]></system-out>
  </testcase>
  <testcase name="logLastLine" classname="OG_image.ScrappersTwitter" time="0">
    <system-out><![CDATA[2025-08-03 13:00:21 [TestNG-tests-2] INFO  Log - twitter scrappers validation has been completed..!
]]></system-out>
  </testcase>
  <testcase name="facebookLanding" classname="OG_image.ScrappersFacebook" time="24.845">
    <system-out><![CDATA[2025-08-03 13:00:01 [TestNG-tests-1] INFO  Log - Loging in...
2025-08-03 13:00:01 [TestNG-tests-1] INFO  Log - Validating each URL and taking screen shots...
]]></system-out>
  </testcase>
  <testcase name="facebookPostInce[https://www.microsoft.com/en-us/surface](1)" classname="OG_image.ScrappersFacebook" time="0.692">
    <system-out><![CDATA[Screen shot taken successfully..
]]></system-out>
  </testcase>
  <testcase name="facebookPostInce[https://www.microsoft.com/en-us/store/b/surface-pro-keyboards](2)" classname="OG_image.ScrappersFacebook" time="0.221">
    <system-out><![CDATA[Screen shot taken successfully..
]]></system-out>
  </testcase>
  <testcase name="facebookPostInce[https://www.microsoft.com/en-us/surface/devices/surface-laptop](3)" classname="OG_image.ScrappersFacebook" time="1.421">
    <system-out><![CDATA[Screen shot taken successfully..
]]></system-out>
  </testcase>
  <testcase name="facebookPostInce[https://www.microsoft.com/en-us/store/collections/surfacelaptopaccessories?headerid=department-surface](4)" classname="OG_image.ScrappersFacebook" time="2.568">
    <system-out><![CDATA[2025-08-03 13:00:22 [TestNG-tests-2] INFO  Log - Browser session ended...
Screen shot taken successfully..
]]></system-out>
    <system-err><![CDATA[Aug 03, 2025 1:00:23 PM org.openqa.selenium.manager.SeleniumManager lambda$runCommand$1
WARNING: There was an error managing msedgedriver (error sending request for url (https://msedgedriver.azureedge.net/LATEST_RELEASE_138_WINDOWS)); using driver found in the cache
]]></system-err>
  </testcase>
  <testcase name="facebookPostInce[https://www.microsoft.com/en-us/d/surface-studio-2-plus/8vlfqc3597k4](5)" classname="OG_image.ScrappersFacebook" time="3.725">
    <system-out><![CDATA[2025-08-03 13:00:25 [TestNG-tests-2] INFO  Log - Browser session satrted...
Screen shot taken successfully..
]]></system-out>
    <system-err><![CDATA[Aug 03, 2025 1:00:25 PM org.openqa.selenium.devtools.CdpVersionFinder findNearestMatch
WARNING: Unable to find an exact match for CDP version 138, returning the closest version; found: 136; Please update to a Selenium version that supports CDP version 138
]]></system-err>
  </testcase>
  <testcase name="logLastLine" classname="OG_image.ScrappersFacebook" time="0.007">
    <system-out><![CDATA[2025-08-03 13:00:28 [TestNG-tests-1] INFO  Log - Facebook scrappers validation has been completed..!
]]></system-out>
  </testcase>
  <testcase name="LikedInLanding" classname="OG_image.ScrappersLinkedIn" time="25.845">
    <system-out><![CDATA[2025-08-03 13:00:34 [TestNG-tests-1] INFO  Log - Browser session ended...
2025-08-03 13:00:49 [TestNG-tests-2] INFO  Log - Navigating to LinkedIn post incepator page...
2025-08-03 13:00:54 [TestNG-tests-2] INFO  Log - Loging in...
2025-08-03 13:00:54 [TestNG-tests-2] INFO  Log - Validating each URL and taking screen shots...
]]></system-out>
  </testcase>
  <testcase name="LinkedInPostInception[https://www.microsoft.com/en-us/surface](1)" classname="OG_image.ScrappersLinkedIn" time="4.166">
    <system-out><![CDATA[Screen shot taken successfully..
]]></system-out>
  </testcase>
  <testcase name="LinkedInPostInception[https://www.microsoft.com/en-us/store/b/surface-pro-keyboards](2)" classname="OG_image.ScrappersLinkedIn" time="5.103">
    <system-out><![CDATA[Screen shot taken successfully..
]]></system-out>
  </testcase>
  <testcase name="LinkedInPostInception[https://www.microsoft.com/en-us/surface/devices/surface-laptop](3)" classname="OG_image.ScrappersLinkedIn" time="5.029">
    <system-out><![CDATA[Screen shot taken successfully..
]]></system-out>
  </testcase>
  <testcase name="LinkedInPostInception[https://www.microsoft.com/en-us/store/collections/surfacelaptopaccessories?headerid=department-surface](4)" classname="OG_image.ScrappersLinkedIn" time="6.6">
    <system-out><![CDATA[Screen shot taken successfully..
]]></system-out>
  </testcase>
  <testcase name="LinkedInPostInception[https://www.microsoft.com/en-us/d/surface-studio-2-plus/8vlfqc3597k4](5)" classname="OG_image.ScrappersLinkedIn" time="6.492">
    <system-out><![CDATA[Screen shot taken successfully..
]]></system-out>
  </testcase>
  <testcase name="logLastLine" classname="OG_image.ScrappersLinkedIn" time="0.014">
    <system-out><![CDATA[2025-08-03 13:01:22 [TestNG-tests-2] INFO  Log - LinkedInPostInception scrappers validation has been completed..!
]]></system-out>
  </testcase>
</testsuite>