<?xml version="1.0" encoding="UTF-8"?>
<testsuite xmlns:xsi="http://www.w3.org/2001/XMLSchema-instance" xsi:noNamespaceSchemaLocation="https://maven.apache.org/surefire/maven-surefire-plugin/xsd/surefire-test-report-3.0.xsd" version="3.0" name="TestSuite" time="22.13" tests="6" errors="0" skipped="2" failures="2">
  <properties>
[...]
</properties>
  <testcase name="facebookLanding" classname="OG_image.ScrappersFacebook" time="14.414">
    <system-out><![CDATA[Before suite/
✅ Loaded Crendentials.properties successfully
✅ Loaded Crendentials.properties successfully
2025-08-08 13:55:35 [TestNG-tests-1] INFO  Log - Browser session satrted...
2025-08-08 13:55:35 [TestNG-tests-2] INFO  Log - Browser session satrted...
2025-08-08 13:55:40 [TestNG-tests-1] INFO  Log - Navigating to facebook post incepator page...
2025-08-08 13:55:49 [TestNG-tests-2] INFO  Log - Navigating to LinkedIn post incepator page...
2025-08-08 13:55:50 [TestNG-tests-1] INFO  Log - Loging in...
2025-08-08 13:55:50 [TestNG-tests-1] INFO  Log - Validating each URL and taking screen shots...
]]></system-out>
    <system-err><![CDATA[SLF4J: Failed to load class "org.slf4j.impl.StaticLoggerBinder".
SLF4J: Defaulting to no-operation (NOP) logger implementation
SLF4J: See http://www.slf4j.org/codes.html#StaticLoggerBinder for further details.
Aug 08, 2025 1:55:33 PM org.openqa.selenium.manager.SeleniumManager lambda$runCommand$1
WARNING: There was an error managing msedgedriver (error sending request for url (https://msedgedriver.azureedge.net/LATEST_RELEASE_139_WINDOWS)); using driver found in the cache
Aug 08, 2025 1:55:33 PM org.openqa.selenium.manager.SeleniumManager lambda$runCommand$1
WARNING: There was an error managing msedgedriver (error sending request for url (https://msedgedriver.azureedge.net/LATEST_RELEASE_139_WINDOWS)); using driver found in the cache
Aug 08, 2025 1:55:34 PM org.openqa.selenium.devtools.CdpVersionFinder findNearestMatch
WARNING: Unable to find an exact match for CDP version 139, returning the closest version; found: 136; Please update to a Selenium version that supports CDP version 139
Aug 08, 2025 1:55:34 PM org.openqa.selenium.devtools.CdpVersionFinder findNearestMatch
WARNING: Unable to find an exact match for CDP version 139, returning the closest version; found: 136; Please update to a Selenium version that supports CDP version 139
2025-08-08T08:25:35.670905100Z TestNG-tests-2 INFO Starting configuration XmlConfiguration[location=C:\Users\v-rkammili\OneDrive - Microsoft\Automation_Projects\Scrapper_autoamtion\Scrapper_autoamtion\target\test-classes\Log4j2.xml, lastModified=2025-08-07T19:35:59.114Z]...
2025-08-08T08:25:35.673912400Z TestNG-tests-2 INFO Configuration XmlConfiguration[location=C:\Users\v-rkammili\OneDrive - Microsoft\Automation_Projects\Scrapper_autoamtion\Scrapper_autoamtion\target\test-classes\Log4j2.xml, lastModified=2025-08-07T19:35:59.114Z] started.
2025-08-08T08:25:35.689431100Z TestNG-tests-2 INFO Stopping configuration org.apache.logging.log4j.core.config.DefaultConfiguration@39c2f59f...
2025-08-08T08:25:35.691645100Z TestNG-tests-2 INFO Configuration org.apache.logging.log4j.core.config.DefaultConfiguration@39c2f59f stopped.
]]></system-err>
  </testcase>
  <testcase name="facebookPostInce" classname="OG_image.ScrappersFacebook" time="14.431">
    <failure message="java.io.FileNotFoundException: .\azure-deploy\wwwroot\uploads\Phase2URLs.xlsx (The process cannot access the file because it is being used by another process)" type="java.lang.RuntimeException"><![CDATA[java.lang.RuntimeException: java.io.FileNotFoundException: .\azure-deploy\wwwroot\uploads\Phase2URLs.xlsx (The process cannot access the file because it is being used by another process)
	at org.testng.internal.invokers.MethodInvocationHelper.invokeMethodNoCheckedException(MethodInvocationHelper.java:58)
	at org.testng.internal.invokers.MethodInvocationHelper.invokeDataProvider(MethodInvocationHelper.java:159)
	at org.testng.internal.Parameters.handleParameters(Parameters.java:809)
	at org.testng.internal.Parameters.handleParameters(Parameters.java:734)
	at org.testng.internal.invokers.ParameterHandler.handleParameters(ParameterHandler.java:72)
	at org.testng.internal.invokers.ParameterHandler.createParameters(ParameterHandler.java:51)
	at org.testng.internal.invokers.TestInvoker$MethodInvocationAgent.invoke(TestInvoker.java:949)
	at org.testng.internal.invokers.TestInvoker.invokeTestMethods(TestInvoker.java:203)
	at org.testng.internal.invokers.TestMethodWorker.invokeTestMethods(TestMethodWorker.java:154)
	at org.testng.internal.invokers.TestMethodWorker.run(TestMethodWorker.java:134)
	at java.base/java.util.ArrayList.forEach(ArrayList.java:1596)
	at org.testng.TestRunner.privateRun(TestRunner.java:741)
	at org.testng.TestRunner.run(TestRunner.java:616)
	at org.testng.SuiteRunner.runTest(SuiteRunner.java:421)
	at org.testng.SuiteRunner$SuiteWorker.run(SuiteRunner.java:463)
	at org.testng.internal.thread.ThreadUtil.lambda$execute$0(ThreadUtil.java:64)
	at java.base/java.util.concurrent.FutureTask.run(FutureTask.java:317)
	at java.base/java.util.concurrent.ThreadPoolExecutor.runWorker(ThreadPoolExecutor.java:1144)
	at java.base/java.util.concurrent.ThreadPoolExecutor$Worker.run(ThreadPoolExecutor.java:642)
	at java.base/java.lang.Thread.run(Thread.java:1583)
Caused by: java.io.FileNotFoundException: .\azure-deploy\wwwroot\uploads\Phase2URLs.xlsx (The process cannot access the file because it is being used by another process)
	at java.base/java.io.FileInputStream.open0(Native Method)
	at java.base/java.io.FileInputStream.open(FileInputStream.java:213)
	at java.base/java.io.FileInputStream.<init>(FileInputStream.java:152)
	at OG_image.DBScrappers.needTotestUrls(DBScrappers.java:19)
	at java.base/jdk.internal.reflect.DirectMethodHandleAccessor.invoke(DirectMethodHandleAccessor.java:103)
	at java.base/java.lang.reflect.Method.invoke(Method.java:580)
	at org.testng.internal.invokers.MethodInvocationHelper.invokeMethod(MethodInvocationHelper.java:141)
	at org.testng.internal.invokers.MethodInvocationHelper.invokeMethod(MethodInvocationHelper.java:86)
	at org.testng.internal.invokers.MethodInvocationHelper.invokeMethodNoCheckedException(MethodInvocationHelper.java:54)
	... 19 more
]]></failure>
  </testcase>
  <testcase name="logLastLine" classname="OG_image.ScrappersFacebook" time="0">
    <skipped message="Method OG_image.ScrappersFacebook.logLastLine() on instance OG_image.ScrappersFacebook@16d04d3d depends on not successfully finished methods &#10;[OG_image.ScrappersFacebook.facebookPostInce() on instance OG_image.ScrappersFacebook@16d04d3d]"/>
  </testcase>
  <testcase name="LikedInLanding" classname="OG_image.ScrappersLinkedIn" time="0.677">
    <system-out><![CDATA[2025-08-08 13:55:50 [TestNG-tests-2] INFO  Log - Loging in...
2025-08-08 13:55:50 [TestNG-tests-2] INFO  Log - Validating each URL and taking screen shots...
]]></system-out>
  </testcase>
  <testcase name="LinkedInPostInception" classname="OG_image.ScrappersLinkedIn" time="0.693">
    <failure message="java.io.FileNotFoundException: .\azure-deploy\wwwroot\uploads\Phase2URLs.xlsx (The process cannot access the file because it is being used by another process)" type="java.lang.RuntimeException"><![CDATA[java.lang.RuntimeException: java.io.FileNotFoundException: .\azure-deploy\wwwroot\uploads\Phase2URLs.xlsx (The process cannot access the file because it is being used by another process)
	at org.testng.internal.invokers.MethodInvocationHelper.invokeMethodNoCheckedException(MethodInvocationHelper.java:58)
	at org.testng.internal.invokers.MethodInvocationHelper.invokeDataProvider(MethodInvocationHelper.java:159)
	at org.testng.internal.Parameters.handleParameters(Parameters.java:809)
	at org.testng.internal.Parameters.handleParameters(Parameters.java:734)
	at org.testng.internal.invokers.ParameterHandler.handleParameters(ParameterHandler.java:72)
	at org.testng.internal.invokers.ParameterHandler.createParameters(ParameterHandler.java:51)
	at org.testng.internal.invokers.TestInvoker$MethodInvocationAgent.invoke(TestInvoker.java:949)
	at org.testng.internal.invokers.TestInvoker.invokeTestMethods(TestInvoker.java:203)
	at org.testng.internal.invokers.TestMethodWorker.invokeTestMethods(TestMethodWorker.java:154)
	at org.testng.internal.invokers.TestMethodWorker.run(TestMethodWorker.java:134)
	at java.base/java.util.ArrayList.forEach(ArrayList.java:1596)
	at org.testng.TestRunner.privateRun(TestRunner.java:741)
	at org.testng.TestRunner.run(TestRunner.java:616)
	at org.testng.SuiteRunner.runTest(SuiteRunner.java:421)
	at org.testng.SuiteRunner$SuiteWorker.run(SuiteRunner.java:463)
	at org.testng.internal.thread.ThreadUtil.lambda$execute$0(ThreadUtil.java:64)
	at java.base/java.util.concurrent.FutureTask.run(FutureTask.java:317)
	at java.base/java.util.concurrent.ThreadPoolExecutor.runWorker(ThreadPoolExecutor.java:1144)
	at java.base/java.util.concurrent.ThreadPoolExecutor$Worker.run(ThreadPoolExecutor.java:642)
	at java.base/java.lang.Thread.run(Thread.java:1583)
Caused by: java.io.FileNotFoundException: .\azure-deploy\wwwroot\uploads\Phase2URLs.xlsx (The process cannot access the file because it is being used by another process)
	at java.base/java.io.FileInputStream.open0(Native Method)
	at java.base/java.io.FileInputStream.open(FileInputStream.java:213)
	at java.base/java.io.FileInputStream.<init>(FileInputStream.java:152)
	at OG_image.DBScrappers.needTotestUrls(DBScrappers.java:19)
	at java.base/jdk.internal.reflect.DirectMethodHandleAccessor.invoke(DirectMethodHandleAccessor.java:103)
	at java.base/java.lang.reflect.Method.invoke(Method.java:580)
	at org.testng.internal.invokers.MethodInvocationHelper.invokeMethod(MethodInvocationHelper.java:141)
	at org.testng.internal.invokers.MethodInvocationHelper.invokeMethod(MethodInvocationHelper.java:86)
	at org.testng.internal.invokers.MethodInvocationHelper.invokeMethodNoCheckedException(MethodInvocationHelper.java:54)
	... 19 more
]]></failure>
  </testcase>
  <testcase name="logLastLine" classname="OG_image.ScrappersLinkedIn" time="0">
    <skipped message="Method OG_image.ScrappersLinkedIn.logLastLine() on instance OG_image.ScrappersLinkedIn@5656be13 depends on not successfully finished methods &#10;[OG_image.ScrappersLinkedIn.LinkedInPostInception() on instance OG_image.ScrappersLinkedIn@5656be13]"/>
  </testcase>
</testsuite>