<?xml version="1.0" encoding="UTF-8"?>
<testng-results ignored="0" total="18" passed="18" failed="0" skipped="0">
  <reporter-output>
  </reporter-output>
  <suite started-at="2025-07-24T12:45:13 IST" name="All Test Suite" finished-at="2025-07-24T12:45:56 IST" duration-ms="43247">
    <groups>
    </groups>
    <test started-at="2025-07-24T12:45:13 IST" name="ScrapperTests1" finished-at="2025-07-24T12:45:38 IST" duration-ms="24826">
      <class name="OG_image.ScrappersTwitter">
        <test-method is-config="true" signature="beforeTest()[pri:0, instance:OG_image.ScrappersTwitter@561b6512]" started-at="2025-07-24T12:45:13 IST" name="beforeTest" finished-at="2025-07-24T12:45:16 IST" duration-ms="3153" status="PASS">
          <reporter-output>
          </reporter-output>
        </test-method> <!-- beforeTest -->
        <test-method signature="twitterLanding()[pri:0, instance:OG_image.ScrappersTwitter@561b6512]" started-at="2025-07-24T12:45:16 IST" name="twitterLanding" finished-at="2025-07-24T12:45:25 IST" duration-ms="8479" status="PASS">
          <reporter-output>
          </reporter-output>
        </test-method> <!-- twitterLanding -->
        <test-method signature="twitterInspectPost(java.lang.String)[pri:0, instance:OG_image.ScrappersTwitter@561b6512]" started-at="2025-07-24T12:45:26 IST" name="twitterInspectPost" data-provider="needTotestUrls" finished-at="2025-07-24T12:45:31 IST" depends-on-methods="OG_image.ScrappersTwitter.twitterLanding" duration-ms="5194" status="PASS">
          <params>
            <param index="0">
              <value>
                <![CDATA[https://www.microsoft.com/en-us/surface]]>
              </value>
            </param>
          </params>
          <reporter-output>
          </reporter-output>
        </test-method> <!-- twitterInspectPost -->
        <test-method signature="twitterInspectPost(java.lang.String)[pri:0, instance:OG_image.ScrappersTwitter@561b6512]" started-at="2025-07-24T12:45:31 IST" name="twitterInspectPost" data-provider="needTotestUrls" finished-at="2025-07-24T12:45:33 IST" depends-on-methods="OG_image.ScrappersTwitter.twitterLanding" duration-ms="2082" status="PASS">
          <params>
            <param index="0">
              <value>
                <![CDATA[https://www.microsoft.com/en-us/surface/devices/surface-pro]]>
              </value>
            </param>
          </params>
          <reporter-output>
          </reporter-output>
        </test-method> <!-- twitterInspectPost -->
        <test-method signature="twitterInspectPost(java.lang.String)[pri:0, instance:OG_image.ScrappersTwitter@561b6512]" started-at="2025-07-24T12:45:33 IST" name="twitterInspectPost" data-provider="needTotestUrls" finished-at="2025-07-24T12:45:35 IST" depends-on-methods="OG_image.ScrappersTwitter.twitterLanding" duration-ms="2024" status="PASS">
          <params>
            <param index="0">
              <value>
                <![CDATA[https://www.microsoft.com/en-us/surface/devices/surface-laptop]]>
              </value>
            </param>
          </params>
          <reporter-output>
          </reporter-output>
        </test-method> <!-- twitterInspectPost -->
        <test-method signature="twitterInspectPost(java.lang.String)[pri:0, instance:OG_image.ScrappersTwitter@561b6512]" started-at="2025-07-24T12:45:35 IST" name="twitterInspectPost" data-provider="needTotestUrls" finished-at="2025-07-24T12:45:37 IST" depends-on-methods="OG_image.ScrappersTwitter.twitterLanding" duration-ms="2191" status="PASS">
          <params>
            <param index="0">
              <value>
                <![CDATA[https://www.microsoft.com/en-us/surface/devices/compare-devices]]>
              </value>
            </param>
          </params>
          <reporter-output>
          </reporter-output>
        </test-method> <!-- twitterInspectPost -->
        <test-method signature="logLastLine()[pri:0, instance:OG_image.ScrappersTwitter@561b6512]" started-at="2025-07-24T12:45:37 IST" name="logLastLine" finished-at="2025-07-24T12:45:37 IST" depends-on-methods="OG_image.ScrappersTwitter.twitterInspectPost" duration-ms="4" status="PASS">
          <reporter-output>
          </reporter-output>
        </test-method> <!-- logLastLine -->
        <test-method is-config="true" signature="afterTest()[pri:0, instance:OG_image.ScrappersTwitter@561b6512]" started-at="2025-07-24T12:45:37 IST" name="afterTest" finished-at="2025-07-24T12:45:38 IST" duration-ms="604" status="PASS">
          <reporter-output>
          </reporter-output>
        </test-method> <!-- afterTest -->
      </class> <!-- OG_image.ScrappersTwitter -->
    </test> <!-- ScrapperTests1 -->
    <test started-at="2025-07-24T12:45:13 IST" name="ScrapperTests" finished-at="2025-07-24T12:45:45 IST" duration-ms="31838">
      <class name="OG_image.ScrappersFacebook">
        <test-method is-config="true" signature="beforeTest()[pri:0, instance:OG_image.ScrappersFacebook@1c1bbc4e]" started-at="2025-07-24T12:45:13 IST" name="beforeTest" finished-at="2025-07-24T12:45:16 IST" duration-ms="3154" status="PASS">
          <reporter-output>
          </reporter-output>
        </test-method> <!-- beforeTest -->
        <test-method signature="facebookLanding()[pri:0, instance:OG_image.ScrappersFacebook@1c1bbc4e]" started-at="2025-07-24T12:45:16 IST" name="facebookLanding" finished-at="2025-07-24T12:45:34 IST" duration-ms="17515" status="PASS">
          <reporter-output>
          </reporter-output>
        </test-method> <!-- facebookLanding -->
        <test-method signature="facebookPostInce(java.lang.String)[pri:0, instance:OG_image.ScrappersFacebook@1c1bbc4e]" started-at="2025-07-24T12:45:34 IST" name="facebookPostInce" data-provider="needTotestUrls" finished-at="2025-07-24T12:45:36 IST" depends-on-methods="OG_image.ScrappersFacebook.facebookLanding" duration-ms="1775" status="PASS">
          <params>
            <param index="0">
              <value>
                <![CDATA[https://www.microsoft.com/en-us/surface]]>
              </value>
            </param>
          </params>
          <reporter-output>
          </reporter-output>
        </test-method> <!-- facebookPostInce -->
        <test-method signature="facebookPostInce(java.lang.String)[pri:0, instance:OG_image.ScrappersFacebook@1c1bbc4e]" started-at="2025-07-24T12:45:36 IST" name="facebookPostInce" data-provider="needTotestUrls" finished-at="2025-07-24T12:45:37 IST" depends-on-methods="OG_image.ScrappersFacebook.facebookLanding" duration-ms="1836" status="PASS">
          <params>
            <param index="0">
              <value>
                <![CDATA[https://www.microsoft.com/en-us/surface/devices/surface-pro]]>
              </value>
            </param>
          </params>
          <reporter-output>
          </reporter-output>
        </test-method> <!-- facebookPostInce -->
        <test-method signature="facebookPostInce(java.lang.String)[pri:0, instance:OG_image.ScrappersFacebook@1c1bbc4e]" started-at="2025-07-24T12:45:37 IST" name="facebookPostInce" data-provider="needTotestUrls" finished-at="2025-07-24T12:45:41 IST" depends-on-methods="OG_image.ScrappersFacebook.facebookLanding" duration-ms="3545" status="PASS">
          <params>
            <param index="0">
              <value>
                <![CDATA[https://www.microsoft.com/en-us/surface/devices/surface-laptop]]>
              </value>
            </param>
          </params>
          <reporter-output>
          </reporter-output>
        </test-method> <!-- facebookPostInce -->
        <test-method signature="facebookPostInce(java.lang.String)[pri:0, instance:OG_image.ScrappersFacebook@1c1bbc4e]" started-at="2025-07-24T12:45:41 IST" name="facebookPostInce" data-provider="needTotestUrls" finished-at="2025-07-24T12:45:44 IST" depends-on-methods="OG_image.ScrappersFacebook.facebookLanding" duration-ms="2633" status="PASS">
          <params>
            <param index="0">
              <value>
                <![CDATA[https://www.microsoft.com/en-us/surface/devices/compare-devices]]>
              </value>
            </param>
          </params>
          <reporter-output>
          </reporter-output>
        </test-method> <!-- facebookPostInce -->
        <test-method signature="logLastLine()[pri:0, instance:OG_image.ScrappersFacebook@1c1bbc4e]" started-at="2025-07-24T12:45:44 IST" name="logLastLine" finished-at="2025-07-24T12:45:44 IST" depends-on-methods="OG_image.ScrappersFacebook.facebookPostInce" duration-ms="4" status="PASS">
          <reporter-output>
          </reporter-output>
        </test-method> <!-- logLastLine -->
        <test-method is-config="true" signature="afterTest()[pri:0, instance:OG_image.ScrappersFacebook@1c1bbc4e]" started-at="2025-07-24T12:45:44 IST" name="afterTest" finished-at="2025-07-24T12:45:45 IST" duration-ms="1274" status="PASS">
          <reporter-output>
          </reporter-output>
        </test-method> <!-- afterTest -->
      </class> <!-- OG_image.ScrappersFacebook -->
    </test> <!-- ScrapperTests -->
    <test started-at="2025-07-24T12:45:38 IST" name="ScrapperTests2" finished-at="2025-07-24T12:45:56 IST" duration-ms="18362">
      <class name="OG_image.ScrappersLinkedIn">
        <test-method is-config="true" signature="beforeSuite()[pri:0, instance:OG_image.ScrappersLinkedIn@5c671d7f]" started-at="2025-07-24T12:45:13 IST" name="beforeSuite" finished-at="2025-07-24T12:45:13 IST" duration-ms="409" status="PASS">
          <reporter-output>
          </reporter-output>
        </test-method> <!-- beforeSuite -->
        <test-method is-config="true" signature="beforeTest()[pri:0, instance:OG_image.ScrappersLinkedIn@5c671d7f]" started-at="2025-07-24T12:45:38 IST" name="beforeTest" finished-at="2025-07-24T12:45:40 IST" duration-ms="1737" status="PASS">
          <reporter-output>
          </reporter-output>
        </test-method> <!-- beforeTest -->
        <test-method signature="LikedInLanding()[pri:0, instance:OG_image.ScrappersLinkedIn@5c671d7f]" started-at="2025-07-24T12:45:40 IST" name="LikedInLanding" finished-at="2025-07-24T12:45:50 IST" duration-ms="10196" status="PASS">
          <reporter-output>
          </reporter-output>
        </test-method> <!-- LikedInLanding -->
        <test-method signature="LinkedInPostInception(java.lang.String)[pri:0, instance:OG_image.ScrappersLinkedIn@5c671d7f]" started-at="2025-07-24T12:45:50 IST" name="LinkedInPostInception" data-provider="needTotestUrls" finished-at="2025-07-24T12:45:51 IST" depends-on-methods="OG_image.ScrappersLinkedIn.LikedInLanding" duration-ms="1278" status="PASS">
          <params>
            <param index="0">
              <value>
                <![CDATA[https://www.microsoft.com/en-us/surface]]>
              </value>
            </param>
          </params>
          <reporter-output>
          </reporter-output>
        </test-method> <!-- LinkedInPostInception -->
        <test-method signature="LinkedInPostInception(java.lang.String)[pri:0, instance:OG_image.ScrappersLinkedIn@5c671d7f]" started-at="2025-07-24T12:45:51 IST" name="LinkedInPostInception" data-provider="needTotestUrls" finished-at="2025-07-24T12:45:53 IST" depends-on-methods="OG_image.ScrappersLinkedIn.LikedInLanding" duration-ms="1559" status="PASS">
          <params>
            <param index="0">
              <value>
                <![CDATA[https://www.microsoft.com/en-us/surface/devices/surface-pro]]>
              </value>
            </param>
          </params>
          <reporter-output>
          </reporter-output>
        </test-method> <!-- LinkedInPostInception -->
        <test-method signature="LinkedInPostInception(java.lang.String)[pri:0, instance:OG_image.ScrappersLinkedIn@5c671d7f]" started-at="2025-07-24T12:45:53 IST" name="LinkedInPostInception" data-provider="needTotestUrls" finished-at="2025-07-24T12:45:54 IST" depends-on-methods="OG_image.ScrappersLinkedIn.LikedInLanding" duration-ms="1694" status="PASS">
          <params>
            <param index="0">
              <value>
                <![CDATA[https://www.microsoft.com/en-us/surface/devices/surface-laptop]]>
              </value>
            </param>
          </params>
          <reporter-output>
          </reporter-output>
        </test-method> <!-- LinkedInPostInception -->
        <test-method signature="LinkedInPostInception(java.lang.String)[pri:0, instance:OG_image.ScrappersLinkedIn@5c671d7f]" started-at="2025-07-24T12:45:54 IST" name="LinkedInPostInception" data-provider="needTotestUrls" finished-at="2025-07-24T12:45:56 IST" depends-on-methods="OG_image.ScrappersLinkedIn.LikedInLanding" duration-ms="1195" status="PASS">
          <params>
            <param index="0">
              <value>
                <![CDATA[https://www.microsoft.com/en-us/surface/devices/compare-devices]]>
              </value>
            </param>
          </params>
          <reporter-output>
          </reporter-output>
        </test-method> <!-- LinkedInPostInception -->
        <test-method signature="logLastLine()[pri:0, instance:OG_image.ScrappersLinkedIn@5c671d7f]" started-at="2025-07-24T12:45:56 IST" name="logLastLine" finished-at="2025-07-24T12:45:56 IST" depends-on-methods="OG_image.ScrappersLinkedIn.LinkedInPostInception" duration-ms="2" status="PASS">
          <reporter-output>
          </reporter-output>
        </test-method> <!-- logLastLine -->
        <test-method is-config="true" signature="afterTest()[pri:0, instance:OG_image.ScrappersLinkedIn@5c671d7f]" started-at="2025-07-24T12:45:56 IST" name="afterTest" finished-at="2025-07-24T12:45:56 IST" duration-ms="622" status="PASS">
          <reporter-output>
          </reporter-output>
        </test-method> <!-- afterTest -->
        <test-method is-config="true" signature="afterSuite()[pri:0, instance:OG_image.ScrappersLinkedIn@5c671d7f]" started-at="2025-07-24T12:45:56 IST" name="afterSuite" finished-at="2025-07-24T12:46:06 IST" duration-ms="9955" status="PASS">
          <reporter-output>
          </reporter-output>
        </test-method> <!-- afterSuite -->
      </class> <!-- OG_image.ScrappersLinkedIn -->
    </test> <!-- ScrapperTests2 -->
  </suite> <!-- All Test Suite -->
</testng-results>
