<?xml version="1.0" encoding="UTF-8"?>
<testng-results ignored="0" total="21" passed="21" failed="0" skipped="0">
  <reporter-output>
  </reporter-output>
  <suite started-at="2025-07-22T12:04:04 IST" name="All Test Suite" finished-at="2025-07-22T12:05:36 IST" duration-ms="91981">
    <groups>
    </groups>
    <test started-at="2025-07-22T12:04:04 IST" name="ScrapperTests1" finished-at="2025-07-22T12:04:53 IST" duration-ms="49368">
      <class name="OG_image.ScrappersTwitter">
        <test-method is-config="true" signature="beforeTest()[pri:0, instance:OG_image.ScrappersTwitter@6a2f6f80]" started-at="2025-07-22T12:04:04 IST" name="beforeTest" finished-at="2025-07-22T12:04:11 IST" duration-ms="7130" status="PASS">
          <reporter-output>
          </reporter-output>
        </test-method> <!-- beforeTest -->
        <test-method signature="twitterLanding()[pri:0, instance:OG_image.ScrappersTwitter@6a2f6f80]" started-at="2025-07-22T12:04:11 IST" name="twitterLanding" finished-at="2025-07-22T12:04:30 IST" duration-ms="18848" status="PASS">
          <reporter-output>
          </reporter-output>
        </test-method> <!-- twitterLanding -->
        <test-method signature="sendEmail()[pri:0, instance:OG_image.ScrappersTwitter@6a2f6f80]" started-at="2025-07-22T12:04:30 IST" name="sendEmail" finished-at="2025-07-22T12:04:37 IST" duration-ms="7397" status="PASS">
          <reporter-output>
          </reporter-output>
        </test-method> <!-- sendEmail -->
        <test-method signature="twitterInspectPost(java.lang.String)[pri:0, instance:OG_image.ScrappersTwitter@6a2f6f80]" started-at="2025-07-22T12:04:40 IST" name="twitterInspectPost" data-provider="needTotestUrls" finished-at="2025-07-22T12:04:43 IST" depends-on-methods="OG_image.ScrappersTwitter.twitterLanding" duration-ms="3508" status="PASS">
          <params>
            <param index="0">
              <value>
                <![CDATA[https://www.microsoft.com/en-us/surface]]>
              </value>
            </param>
          </params>
          <reporter-output>
          </reporter-output>
        </test-method> <!-- twitterInspectPost -->
        <test-method signature="twitterInspectPost(java.lang.String)[pri:0, instance:OG_image.ScrappersTwitter@6a2f6f80]" started-at="2025-07-22T12:04:43 IST" name="twitterInspectPost" data-provider="needTotestUrls" finished-at="2025-07-22T12:04:46 IST" depends-on-methods="OG_image.ScrappersTwitter.twitterLanding" duration-ms="3101" status="PASS">
          <params>
            <param index="0">
              <value>
                <![CDATA[https://www.microsoft.com/en-us/surface/devices/surface-pro]]>
              </value>
            </param>
          </params>
          <reporter-output>
          </reporter-output>
        </test-method> <!-- twitterInspectPost -->
        <test-method signature="twitterInspectPost(java.lang.String)[pri:0, instance:OG_image.ScrappersTwitter@6a2f6f80]" started-at="2025-07-22T12:04:46 IST" name="twitterInspectPost" data-provider="needTotestUrls" finished-at="2025-07-22T12:04:49 IST" depends-on-methods="OG_image.ScrappersTwitter.twitterLanding" duration-ms="2571" status="PASS">
          <params>
            <param index="0">
              <value>
                <![CDATA[https://www.microsoft.com/en-us/surface/devices/surface-laptop]]>
              </value>
            </param>
          </params>
          <reporter-output>
          </reporter-output>
        </test-method> <!-- twitterInspectPost -->
        <test-method signature="twitterInspectPost(java.lang.String)[pri:0, instance:OG_image.ScrappersTwitter@6a2f6f80]" started-at="2025-07-22T12:04:49 IST" name="twitterInspectPost" data-provider="needTotestUrls" finished-at="2025-07-22T12:04:52 IST" depends-on-methods="OG_image.ScrappersTwitter.twitterLanding" duration-ms="2682" status="PASS">
          <params>
            <param index="0">
              <value>
                <![CDATA[https://www.microsoft.com/en-us/surface/devices/compare-devices]]>
              </value>
            </param>
          </params>
          <reporter-output>
          </reporter-output>
        </test-method> <!-- twitterInspectPost -->
        <test-method signature="logLastLine()[pri:0, instance:OG_image.ScrappersTwitter@6a2f6f80]" started-at="2025-07-22T12:04:52 IST" name="logLastLine" finished-at="2025-07-22T12:04:52 IST" depends-on-methods="OG_image.ScrappersTwitter.twitterInspectPost" duration-ms="8" status="PASS">
          <reporter-output>
          </reporter-output>
        </test-method> <!-- logLastLine -->
        <test-method is-config="true" signature="afterTest()[pri:0, instance:OG_image.ScrappersTwitter@6a2f6f80]" started-at="2025-07-22T12:04:52 IST" name="afterTest" finished-at="2025-07-22T12:04:53 IST" duration-ms="1208" status="PASS">
          <reporter-output>
          </reporter-output>
        </test-method> <!-- afterTest -->
      </class> <!-- OG_image.ScrappersTwitter -->
    </test> <!-- ScrapperTests1 -->
    <test started-at="2025-07-22T12:04:04 IST" name="ScrapperTests" finished-at="2025-07-22T12:05:16 IST" duration-ms="72015">
      <class name="OG_image.ScrappersFacebook">
        <test-method is-config="true" signature="beforeTest()[pri:0, instance:OG_image.ScrappersFacebook@3c9754d8]" started-at="2025-07-22T12:04:04 IST" name="beforeTest" finished-at="2025-07-22T12:04:11 IST" duration-ms="7133" status="PASS">
          <reporter-output>
          </reporter-output>
        </test-method> <!-- beforeTest -->
        <test-method signature="facebookLanding()[pri:0, instance:OG_image.ScrappersFacebook@3c9754d8]" started-at="2025-07-22T12:04:11 IST" name="facebookLanding" finished-at="2025-07-22T12:04:46 IST" duration-ms="35575" status="PASS">
          <reporter-output>
          </reporter-output>
        </test-method> <!-- facebookLanding -->
        <test-method signature="sendEmail()[pri:0, instance:OG_image.ScrappersFacebook@3c9754d8]" started-at="2025-07-22T12:04:46 IST" name="sendEmail" finished-at="2025-07-22T12:04:51 IST" duration-ms="5022" status="PASS">
          <reporter-output>
          </reporter-output>
        </test-method> <!-- sendEmail -->
        <test-method signature="facebookPostInce(java.lang.String)[pri:0, instance:OG_image.ScrappersFacebook@3c9754d8]" started-at="2025-07-22T12:04:51 IST" name="facebookPostInce" data-provider="needTotestUrls" finished-at="2025-07-22T12:04:55 IST" depends-on-methods="OG_image.ScrappersFacebook.facebookLanding" duration-ms="3562" status="PASS">
          <params>
            <param index="0">
              <value>
                <![CDATA[https://www.microsoft.com/en-us/surface]]>
              </value>
            </param>
          </params>
          <reporter-output>
          </reporter-output>
        </test-method> <!-- facebookPostInce -->
        <test-method signature="facebookPostInce(java.lang.String)[pri:0, instance:OG_image.ScrappersFacebook@3c9754d8]" started-at="2025-07-22T12:04:55 IST" name="facebookPostInce" data-provider="needTotestUrls" finished-at="2025-07-22T12:05:04 IST" depends-on-methods="OG_image.ScrappersFacebook.facebookLanding" duration-ms="8982" status="PASS">
          <params>
            <param index="0">
              <value>
                <![CDATA[https://www.microsoft.com/en-us/surface/devices/surface-pro]]>
              </value>
            </param>
          </params>
          <reporter-output>
          </reporter-output>
        </test-method> <!-- facebookPostInce -->
        <test-method signature="facebookPostInce(java.lang.String)[pri:0, instance:OG_image.ScrappersFacebook@3c9754d8]" started-at="2025-07-22T12:05:04 IST" name="facebookPostInce" data-provider="needTotestUrls" finished-at="2025-07-22T12:05:10 IST" depends-on-methods="OG_image.ScrappersFacebook.facebookLanding" duration-ms="6191" status="PASS">
          <params>
            <param index="0">
              <value>
                <![CDATA[https://www.microsoft.com/en-us/surface/devices/surface-laptop]]>
              </value>
            </param>
          </params>
          <reporter-output>
          </reporter-output>
        </test-method> <!-- facebookPostInce -->
        <test-method signature="facebookPostInce(java.lang.String)[pri:0, instance:OG_image.ScrappersFacebook@3c9754d8]" started-at="2025-07-22T12:05:10 IST" name="facebookPostInce" data-provider="needTotestUrls" finished-at="2025-07-22T12:05:14 IST" depends-on-methods="OG_image.ScrappersFacebook.facebookLanding" duration-ms="4017" status="PASS">
          <params>
            <param index="0">
              <value>
                <![CDATA[https://www.microsoft.com/en-us/surface/devices/compare-devices]]>
              </value>
            </param>
          </params>
          <reporter-output>
          </reporter-output>
        </test-method> <!-- facebookPostInce -->
        <test-method signature="logLastLine()[pri:0, instance:OG_image.ScrappersFacebook@3c9754d8]" started-at="2025-07-22T12:05:14 IST" name="logLastLine" finished-at="2025-07-22T12:05:14 IST" depends-on-methods="OG_image.ScrappersFacebook.facebookPostInce" duration-ms="11" status="PASS">
          <reporter-output>
          </reporter-output>
        </test-method> <!-- logLastLine -->
        <test-method is-config="true" signature="afterTest()[pri:0, instance:OG_image.ScrappersFacebook@3c9754d8]" started-at="2025-07-22T12:05:14 IST" name="afterTest" finished-at="2025-07-22T12:05:16 IST" duration-ms="1265" status="PASS">
          <reporter-output>
          </reporter-output>
        </test-method> <!-- afterTest -->
      </class> <!-- OG_image.ScrappersFacebook -->
    </test> <!-- ScrapperTests -->
    <test started-at="2025-07-22T12:04:53 IST" name="ScrapperTests2" finished-at="2025-07-22T12:05:36 IST" duration-ms="42552">
      <class name="OG_image.ScrappersLinkedIn">
        <test-method is-config="true" signature="beforeSuite()[pri:0, instance:OG_image.ScrappersLinkedIn@5b94b04d]" started-at="2025-07-22T12:04:03 IST" name="beforeSuite" finished-at="2025-07-22T12:04:04 IST" duration-ms="738" status="PASS">
          <reporter-output>
          </reporter-output>
        </test-method> <!-- beforeSuite -->
        <test-method is-config="true" signature="beforeTest()[pri:0, instance:OG_image.ScrappersLinkedIn@5b94b04d]" started-at="2025-07-22T12:04:53 IST" name="beforeTest" finished-at="2025-07-22T12:04:57 IST" duration-ms="3575" status="PASS">
          <reporter-output>
          </reporter-output>
        </test-method> <!-- beforeTest -->
        <test-method signature="LikedInLanding()[pri:0, instance:OG_image.ScrappersLinkedIn@5b94b04d]" started-at="2025-07-22T12:04:57 IST" name="LikedInLanding" finished-at="2025-07-22T12:05:22 IST" duration-ms="25920" status="PASS">
          <reporter-output>
          </reporter-output>
        </test-method> <!-- LikedInLanding -->
        <test-method signature="sendEmail()[pri:0, instance:OG_image.ScrappersLinkedIn@5b94b04d]" started-at="2025-07-22T12:05:22 IST" name="sendEmail" finished-at="2025-07-22T12:05:27 IST" duration-ms="4596" status="PASS">
          <reporter-output>
          </reporter-output>
        </test-method> <!-- sendEmail -->
        <test-method signature="LinkedInPostInception(java.lang.String)[pri:0, instance:OG_image.ScrappersLinkedIn@5b94b04d]" started-at="2025-07-22T12:05:27 IST" name="LinkedInPostInception" data-provider="needTotestUrls" finished-at="2025-07-22T12:05:29 IST" depends-on-methods="OG_image.ScrappersLinkedIn.LikedInLanding" duration-ms="1893" status="PASS">
          <params>
            <param index="0">
              <value>
                <![CDATA[https://www.microsoft.com/en-us/surface]]>
              </value>
            </param>
          </params>
          <reporter-output>
          </reporter-output>
        </test-method> <!-- LinkedInPostInception -->
        <test-method signature="LinkedInPostInception(java.lang.String)[pri:0, instance:OG_image.ScrappersLinkedIn@5b94b04d]" started-at="2025-07-22T12:05:29 IST" name="LinkedInPostInception" data-provider="needTotestUrls" finished-at="2025-07-22T12:05:31 IST" depends-on-methods="OG_image.ScrappersLinkedIn.LikedInLanding" duration-ms="1835" status="PASS">
          <params>
            <param index="0">
              <value>
                <![CDATA[https://www.microsoft.com/en-us/surface/devices/surface-pro]]>
              </value>
            </param>
          </params>
          <reporter-output>
          </reporter-output>
        </test-method> <!-- LinkedInPostInception -->
        <test-method signature="LinkedInPostInception(java.lang.String)[pri:0, instance:OG_image.ScrappersLinkedIn@5b94b04d]" started-at="2025-07-22T12:05:31 IST" name="LinkedInPostInception" data-provider="needTotestUrls" finished-at="2025-07-22T12:05:33 IST" depends-on-methods="OG_image.ScrappersLinkedIn.LikedInLanding" duration-ms="1830" status="PASS">
          <params>
            <param index="0">
              <value>
                <![CDATA[https://www.microsoft.com/en-us/surface/devices/surface-laptop]]>
              </value>
            </param>
          </params>
          <reporter-output>
          </reporter-output>
        </test-method> <!-- LinkedInPostInception -->
        <test-method signature="LinkedInPostInception(java.lang.String)[pri:0, instance:OG_image.ScrappersLinkedIn@5b94b04d]" started-at="2025-07-22T12:05:33 IST" name="LinkedInPostInception" data-provider="needTotestUrls" finished-at="2025-07-22T12:05:34 IST" depends-on-methods="OG_image.ScrappersLinkedIn.LikedInLanding" duration-ms="1708" status="PASS">
          <params>
            <param index="0">
              <value>
                <![CDATA[https://www.microsoft.com/en-us/surface/devices/compare-devices]]>
              </value>
            </param>
          </params>
          <reporter-output>
          </reporter-output>
        </test-method> <!-- LinkedInPostInception -->
        <test-method signature="logLastLine()[pri:0, instance:OG_image.ScrappersLinkedIn@5b94b04d]" started-at="2025-07-22T12:05:34 IST" name="logLastLine" finished-at="2025-07-22T12:05:34 IST" depends-on-methods="OG_image.ScrappersLinkedIn.LinkedInPostInception" duration-ms="7" status="PASS">
          <reporter-output>
          </reporter-output>
        </test-method> <!-- logLastLine -->
        <test-method is-config="true" signature="afterTest()[pri:0, instance:OG_image.ScrappersLinkedIn@5b94b04d]" started-at="2025-07-22T12:05:34 IST" name="afterTest" finished-at="2025-07-22T12:05:36 IST" duration-ms="1061" status="PASS">
          <reporter-output>
          </reporter-output>
        </test-method> <!-- afterTest -->
        <test-method is-config="true" signature="afterSuite()[pri:0, instance:OG_image.ScrappersLinkedIn@5b94b04d]" started-at="2025-07-22T12:05:36 IST" name="afterSuite" finished-at="2025-07-22T12:05:37 IST" duration-ms="1485" status="FAIL">
          <exception class="java.io.IOException">
            <message>
              <![CDATA[Failed to open file:/C:/Users/v-rkammili/OneDrive%20-%20Microsoft/Automation_Projects/Scrapper_autoamtion/Scrapper_autoamtion/AllTests.html. Error message: The system cannot find the file specified.
]]>
            </message>
            <full-stacktrace>
              <![CDATA[java.io.IOException: Failed to open file:/C:/Users/v-rkammili/OneDrive%20-%20Microsoft/Automation_Projects/Scrapper_autoamtion/Scrapper_autoamtion/AllTests.html. Error message: The system cannot find the file specified.

at java.desktop/sun.awt.windows.WDesktopPeer.ShellExecute(WDesktopPeer.java:115)
at java.desktop/sun.awt.windows.WDesktopPeer.browse(WDesktopPeer.java:101)
at java.desktop/java.awt.Desktop.browse(Desktop.java:533)
at OG_image.BaseTest.afterSuite(BaseTest.java:99)
at java.base/jdk.internal.reflect.DirectMethodHandleAccessor.invoke(DirectMethodHandleAccessor.java:103)
at java.base/java.lang.reflect.Method.invoke(Method.java:580)
at org.testng.internal.invokers.MethodInvocationHelper.invokeMethod(MethodInvocationHelper.java:141)
at org.testng.internal.invokers.MethodInvocationHelper.invokeMethodConsideringTimeout(MethodInvocationHelper.java:71)
at org.testng.internal.invokers.ConfigInvoker.invokeConfigurationMethod(ConfigInvoker.java:400)
at org.testng.internal.invokers.ConfigInvoker.invokeConfigurations(ConfigInvoker.java:333)
at org.testng.SuiteRunner.privateRun(SuiteRunner.java:386)
at org.testng.SuiteRunner.run(SuiteRunner.java:312)
at org.testng.SuiteRunnerWorker.runSuite(SuiteRunnerWorker.java:52)
at org.testng.SuiteRunnerWorker.run(SuiteRunnerWorker.java:95)
at org.testng.TestNG.runSuitesSequentially(TestNG.java:1274)
at org.testng.TestNG.runSuitesLocally(TestNG.java:1208)
at org.testng.TestNG.runSuites(TestNG.java:1112)
at org.testng.TestNG.run(TestNG.java:1079)
at org.testng.remote.AbstractRemoteTestNG.run(AbstractRemoteTestNG.java:115)
at org.testng.remote.RemoteTestNG.initAndRun(RemoteTestNG.java:293)
at org.testng.remote.RemoteTestNG.main(RemoteTestNG.java:91)
]]>
            </full-stacktrace>
          </exception> <!-- java.io.IOException -->
          <reporter-output>
          </reporter-output>
        </test-method> <!-- afterSuite -->
      </class> <!-- OG_image.ScrappersLinkedIn -->
    </test> <!-- ScrapperTests2 -->
  </suite> <!-- All Test Suite -->
</testng-results>
