<?xml version="1.0" encoding="UTF-8"?>
<!-- Generated by org.testng.reporters.JUnitXMLReporter -->
<testsuite ignored="0" hostname="LP-5CD212M0Y5" failures="0" tests="7" name="ScrapperTests1" time="55.286" errors="0" timestamp="2025-08-03T13:00:22 IST">
  <testcase classname="OG_image.ScrappersTwitter" name="twitterLanding" time="22.021"/>
  <testcase classname="OG_image.ScrappersTwitter" name="twitterInspectPost" time="3.364"/>
  <testcase classname="OG_image.ScrappersTwitter" name="twitterInspectPost" time="2.919"/>
  <testcase classname="OG_image.ScrappersTwitter" name="twitterInspectPost" time="3.068"/>
  <testcase classname="OG_image.ScrappersTwitter" name="twitterInspectPost" time="3.215"/>
  <testcase classname="OG_image.ScrappersTwitter" name="twitterInspectPost" time="5.276"/>
  <testcase classname="OG_image.ScrappersTwitter" name="logLastLine" time="0.0"/>
</testsuite> <!-- ScrapperTests1 -->
