<?xml version="1.0" encoding="UTF-8"?>
<!-- Generated by org.testng.reporters.JUnitXMLReporter -->
<testsuite ignored="0" hostname="LP-5CD212M0Y5" failures="0" tests="7" name="ScrapperTests" time="67.457" errors="0" timestamp="2025-08-03T13:00:34 IST">
  <testcase classname="OG_image.ScrappersFacebook" name="facebookLanding" time="24.849"/>
  <testcase classname="OG_image.ScrappersFacebook" name="facebookPostInce" time="4.06"/>
  <testcase classname="OG_image.ScrappersFacebook" name="facebookPostInce" time="5.518"/>
  <testcase classname="OG_image.ScrappersFacebook" name="facebookPostInce" time="4.421"/>
  <testcase classname="OG_image.ScrappersFacebook" name="facebookPostInce" time="6.425"/>
  <testcase classname="OG_image.ScrappersFacebook" name="facebookPostInce" time="5.135"/>
  <testcase classname="OG_image.ScrappersFacebook" name="logLastLine" time="0.002"/>
</testsuite> <!-- ScrapperTests -->
